root - INFO - cpu
root - INFO - Initialize DataLoader for train dataset
root - INFO - Initialize DataLoader for test dataset
root - INFO - Initialize DCG
root - INFO - epoch: 1, DCG pre-training loss: 1.0521333026034492
root - INFO - epoch: 2, DCG pre-training loss: 0.9005531615444592
root - INFO - epoch: 3, DCG pre-training loss: 0.8587219587394169
root - INFO - epoch: 4, DCG pre-training loss: 0.7714119670646531
root - INFO - epoch: 5, DCG pre-training loss: 0.8016474364059312
root - INFO - epoch: 6, DCG pre-training loss: 0.7007077570472445
root - INFO - epoch: 7, DCG pre-training loss: 0.6657097190618515
root - INFO - epoch: 8, DCG pre-training loss: 0.6507433471935136
root - INFO - epoch: 9, DCG pre-training loss: 0.6780968649046761
root - INFO - epoch: 10, DCG pre-training loss: 0.6160079751695905
root - INFO - 
Pre-training of DCG took 32.0251 minutes.

root - INFO - Loading trained DCG checkpoint from saved_dcg.pth
root - INFO - Initialize DCG
root - INFO - DCG completed
root - INFO - Initialize UNET
root - INFO - epoch: 1, batch 1 Diffusion training loss: 1.4225040674209595
root - INFO - epoch: 1, batch 2 Diffusion training loss: 2.611854076385498
root - INFO - epoch: 1, batch 3 Diffusion training loss: 1.959547996520996
root - INFO - epoch: 1, batch 4 Diffusion training loss: 1.2459100484848022
root - INFO - epoch: 1, batch 5 Diffusion training loss: 1.863398790359497
root - INFO - epoch: 1, batch 6 Diffusion training loss: 1.3785758018493652
root - INFO - epoch: 1, batch 7 Diffusion training loss: 1.4659717082977295
root - INFO - epoch: 1, batch 8 Diffusion training loss: 1.4872446060180664
root - INFO - epoch: 1, batch 9 Diffusion training loss: 1.4627258777618408
root - INFO - epoch: 1, batch 10 Diffusion training loss: 1.0200949907302856
root - INFO - epoch: 1, batch 11 Diffusion training loss: 1.2826963663101196
root - INFO - epoch: 1, batch 12 Diffusion training loss: 1.265678882598877
root - INFO - epoch: 1, batch 13 Diffusion training loss: 1.2377216815948486
root - INFO - epoch: 1, batch 14 Diffusion training loss: 0.9084029197692871
root - INFO - epoch: 1, batch 15 Diffusion training loss: 1.3637603521347046
root - INFO - epoch: 1, batch 16 Diffusion training loss: 1.136838436126709
root - INFO - epoch: 1, batch 17 Diffusion training loss: 1.1015254259109497
root - INFO - epoch: 1, batch 18 Diffusion training loss: 0.923218309879303
root - INFO - epoch: 1, batch 19 Diffusion training loss: 1.4170615673065186
root - INFO - epoch: 1, batch 20 Diffusion training loss: 1.238804817199707
root - INFO - epoch: 1, batch 21 Diffusion training loss: 1.2400702238082886
root - INFO - epoch: 1, batch 22 Diffusion training loss: 1.1900930404663086
root - INFO - epoch: 1, batch 23 Diffusion training loss: 0.9903034567832947
root - INFO - epoch: 1, batch 24 Diffusion training loss: 1.1070994138717651
root - INFO - epoch: 1, batch 25 Diffusion training loss: 0.9801142811775208
root - INFO - epoch: 1, batch 26 Diffusion training loss: 1.111823558807373
root - INFO - epoch: 1, batch 27 Diffusion training loss: 0.9345515966415405
root - INFO - epoch: 1, batch 28 Diffusion training loss: 0.9754605293273926
root - INFO - epoch: 2, batch 1 Diffusion training loss: 0.7950323224067688
root - INFO - epoch: 2, batch 2 Diffusion training loss: 0.9235041737556458
root - INFO - epoch: 2, batch 3 Diffusion training loss: 1.0283634662628174
root - INFO - epoch: 2, batch 4 Diffusion training loss: 0.7416913509368896
root - INFO - epoch: 2, batch 5 Diffusion training loss: 0.8702526688575745
root - INFO - epoch: 2, batch 6 Diffusion training loss: 0.6858308911323547
root - INFO - epoch: 2, batch 7 Diffusion training loss: 1.0686423778533936
root - INFO - epoch: 2, batch 8 Diffusion training loss: 1.034483551979065
root - INFO - epoch: 2, batch 9 Diffusion training loss: 1.0841896533966064
root - INFO - epoch: 2, batch 10 Diffusion training loss: 0.7982772588729858
root - INFO - epoch: 2, batch 11 Diffusion training loss: 0.7553724050521851
root - INFO - epoch: 2, batch 12 Diffusion training loss: 0.6799576878547668
root - INFO - epoch: 2, batch 13 Diffusion training loss: 0.9225962162017822
root - INFO - epoch: 2, batch 14 Diffusion training loss: 1.3145750761032104
root - INFO - epoch: 2, batch 15 Diffusion training loss: 1.2800650596618652
root - INFO - epoch: 2, batch 16 Diffusion training loss: 0.5826289653778076
root - INFO - epoch: 2, batch 17 Diffusion training loss: 0.9233901500701904
root - INFO - epoch: 2, batch 18 Diffusion training loss: 0.6442370414733887
root - INFO - epoch: 2, batch 19 Diffusion training loss: 0.7976629734039307
root - INFO - epoch: 2, batch 20 Diffusion training loss: 0.6077892184257507
root - INFO - epoch: 2, batch 21 Diffusion training loss: 0.5814674496650696
root - INFO - epoch: 2, batch 22 Diffusion training loss: 0.5123699903488159
root - INFO - epoch: 2, batch 23 Diffusion training loss: 1.0013136863708496
root - INFO - epoch: 2, batch 24 Diffusion training loss: 0.7576566934585571
root - INFO - epoch: 2, batch 25 Diffusion training loss: 0.8420626521110535
root - INFO - epoch: 2, batch 26 Diffusion training loss: 0.8587827682495117
root - INFO - epoch: 2, batch 27 Diffusion training loss: 0.6614393591880798
root - INFO - epoch: 2, batch 28 Diffusion training loss: 0.6631370186805725
root - INFO - epoch: 3, batch 1 Diffusion training loss: 0.9042542576789856
root - INFO - epoch: 3, batch 2 Diffusion training loss: 0.5933319926261902
root - INFO - epoch: 3, batch 3 Diffusion training loss: 0.3738543391227722
root - INFO - epoch: 3, batch 4 Diffusion training loss: 0.543446958065033
root - INFO - epoch: 3, batch 5 Diffusion training loss: 0.5941146016120911
root - INFO - epoch: 3, batch 6 Diffusion training loss: 0.5334827899932861
root - INFO - epoch: 3, batch 7 Diffusion training loss: 0.3431847095489502
root - INFO - epoch: 3, batch 8 Diffusion training loss: 0.472623735666275
root - INFO - epoch: 3, batch 9 Diffusion training loss: 0.6553469896316528
root - INFO - epoch: 3, batch 10 Diffusion training loss: 0.5176000595092773
root - INFO - epoch: 3, batch 11 Diffusion training loss: 0.5667692422866821
root - INFO - epoch: 3, batch 12 Diffusion training loss: 0.28328704833984375
root - INFO - epoch: 3, batch 13 Diffusion training loss: 0.4889642298221588
root - INFO - epoch: 3, batch 14 Diffusion training loss: 0.5043051242828369
root - INFO - epoch: 3, batch 15 Diffusion training loss: 0.67095947265625
root - INFO - epoch: 3, batch 16 Diffusion training loss: 0.4226396977901459
root - INFO - epoch: 3, batch 17 Diffusion training loss: 0.2568839192390442
root - INFO - epoch: 3, batch 18 Diffusion training loss: 0.29652827978134155
root - INFO - epoch: 3, batch 19 Diffusion training loss: 0.5274289846420288
root - INFO - epoch: 3, batch 20 Diffusion training loss: 0.6958963871002197
root - INFO - epoch: 3, batch 21 Diffusion training loss: 0.40757572650909424
root - INFO - epoch: 3, batch 22 Diffusion training loss: 0.7417696714401245
root - INFO - epoch: 3, batch 23 Diffusion training loss: 0.7617290616035461
root - INFO - epoch: 3, batch 24 Diffusion training loss: 0.3688453137874603
root - INFO - epoch: 3, batch 25 Diffusion training loss: 0.783033013343811
root - INFO - epoch: 3, batch 26 Diffusion training loss: 0.5380863547325134
root - INFO - epoch: 3, batch 27 Diffusion training loss: 0.4915389120578766
root - INFO - epoch: 3, batch 28 Diffusion training loss: 0.45278409123420715
root - INFO - epoch: 4, batch 1 Diffusion training loss: 0.6204131245613098
root - INFO - epoch: 4, batch 2 Diffusion training loss: 0.351152628660202
root - INFO - epoch: 4, batch 3 Diffusion training loss: 0.5035538673400879
root - INFO - epoch: 4, batch 4 Diffusion training loss: 0.4154210090637207
root - INFO - epoch: 4, batch 5 Diffusion training loss: 0.3697449862957001
root - INFO - epoch: 4, batch 6 Diffusion training loss: 0.3832852244377136
root - INFO - epoch: 4, batch 7 Diffusion training loss: 0.36483410000801086
root - INFO - epoch: 4, batch 8 Diffusion training loss: 0.35341987013816833
root - INFO - epoch: 4, batch 9 Diffusion training loss: 0.5331746339797974
root - INFO - epoch: 4, batch 10 Diffusion training loss: 0.42224711179733276
root - INFO - epoch: 4, batch 11 Diffusion training loss: 0.27248337864875793
root - INFO - epoch: 4, batch 12 Diffusion training loss: 0.3404426574707031
root - INFO - epoch: 4, batch 13 Diffusion training loss: 0.4196935296058655
root - INFO - epoch: 4, batch 14 Diffusion training loss: 0.7456939816474915
root - INFO - epoch: 4, batch 15 Diffusion training loss: 0.618874728679657
root - INFO - epoch: 4, batch 16 Diffusion training loss: 0.48622018098831177
root - INFO - epoch: 4, batch 17 Diffusion training loss: 0.38320115208625793
root - INFO - epoch: 4, batch 18 Diffusion training loss: 0.9921397566795349
root - INFO - epoch: 4, batch 19 Diffusion training loss: 0.2569413185119629
root - INFO - epoch: 4, batch 20 Diffusion training loss: 0.29053789377212524
root - INFO - epoch: 4, batch 21 Diffusion training loss: 0.8230547308921814
root - INFO - epoch: 4, batch 22 Diffusion training loss: 0.3494413495063782
root - INFO - epoch: 4, batch 23 Diffusion training loss: 0.44581857323646545
root - INFO - epoch: 4, batch 24 Diffusion training loss: 0.47011879086494446
root - INFO - epoch: 4, batch 25 Diffusion training loss: 0.9823083877563477
root - INFO - epoch: 4, batch 26 Diffusion training loss: 0.605758547782898
root - INFO - epoch: 4, batch 27 Diffusion training loss: 0.4124983251094818
root - INFO - epoch: 4, batch 28 Diffusion training loss: 0.6216180324554443
root - INFO - epoch: 5, batch 1 Diffusion training loss: 0.4625779390335083
root - INFO - epoch: 5, batch 2 Diffusion training loss: 0.6863696575164795
root - INFO - epoch: 5, batch 3 Diffusion training loss: 0.3267652988433838
root - INFO - epoch: 5, batch 4 Diffusion training loss: 0.5168183445930481
root - INFO - epoch: 5, batch 5 Diffusion training loss: 0.577546238899231
root - INFO - epoch: 5, batch 6 Diffusion training loss: 0.6437076926231384
root - INFO - epoch: 5, batch 7 Diffusion training loss: 0.43866026401519775
root - INFO - epoch: 5, batch 8 Diffusion training loss: 0.5293764472007751
root - INFO - epoch: 5, batch 9 Diffusion training loss: 0.3764505088329315
root - INFO - epoch: 5, batch 10 Diffusion training loss: 0.27119046449661255
root - INFO - epoch: 5, batch 11 Diffusion training loss: 0.47062525153160095
root - INFO - epoch: 5, batch 12 Diffusion training loss: 0.3508099913597107
root - INFO - epoch: 5, batch 13 Diffusion training loss: 0.43437445163726807
root - INFO - epoch: 5, batch 14 Diffusion training loss: 0.3924964666366577
root - INFO - epoch: 5, batch 15 Diffusion training loss: 0.36837464570999146
root - INFO - epoch: 5, batch 16 Diffusion training loss: 0.2696042060852051
root - INFO - epoch: 5, batch 17 Diffusion training loss: 0.2862338423728943
root - INFO - epoch: 5, batch 18 Diffusion training loss: 0.27818796038627625
root - INFO - epoch: 5, batch 19 Diffusion training loss: 0.610237181186676
root - INFO - epoch: 5, batch 20 Diffusion training loss: 0.3153628408908844
root - INFO - epoch: 5, batch 21 Diffusion training loss: 0.375258207321167
root - INFO - epoch: 5, batch 22 Diffusion training loss: 0.3159651458263397
root - INFO - epoch: 5, batch 23 Diffusion training loss: 0.452263742685318
root - INFO - epoch: 5, batch 24 Diffusion training loss: 0.28491100668907166
root - INFO - epoch: 5, batch 25 Diffusion training loss: 0.3076293170452118
root - INFO - epoch: 5, batch 26 Diffusion training loss: 0.3054300844669342
root - INFO - epoch: 5, batch 27 Diffusion training loss: 0.3742210865020752
root - INFO - epoch: 5, batch 28 Diffusion training loss: 0.3818615972995758
root - INFO - epoch: 6, batch 1 Diffusion training loss: 0.35581856966018677
root - INFO - epoch: 6, batch 2 Diffusion training loss: 0.3086138367652893
root - INFO - epoch: 6, batch 3 Diffusion training loss: 0.30198320746421814
root - INFO - epoch: 6, batch 4 Diffusion training loss: 0.3485073447227478
root - INFO - epoch: 6, batch 5 Diffusion training loss: 0.3697981536388397
root - INFO - epoch: 6, batch 6 Diffusion training loss: 0.3694950044155121
root - INFO - epoch: 6, batch 7 Diffusion training loss: 0.3439963161945343
root - INFO - epoch: 6, batch 8 Diffusion training loss: 0.5038398504257202
root - INFO - epoch: 6, batch 9 Diffusion training loss: 0.4644809365272522
root - INFO - epoch: 6, batch 10 Diffusion training loss: 0.5382474660873413
root - INFO - epoch: 6, batch 11 Diffusion training loss: 0.3905947506427765
root - INFO - epoch: 6, batch 12 Diffusion training loss: 0.3511662781238556
root - INFO - epoch: 6, batch 13 Diffusion training loss: 0.543952226638794
root - INFO - epoch: 6, batch 14 Diffusion training loss: 0.4721042513847351
root - INFO - epoch: 6, batch 15 Diffusion training loss: 0.3960692584514618
root - INFO - epoch: 6, batch 16 Diffusion training loss: 0.46059107780456543
root - INFO - epoch: 6, batch 17 Diffusion training loss: 0.7451361417770386
root - INFO - epoch: 6, batch 18 Diffusion training loss: 0.3441847264766693
root - INFO - epoch: 6, batch 19 Diffusion training loss: 0.8359200954437256
root - INFO - epoch: 6, batch 20 Diffusion training loss: 0.4683873653411865
root - INFO - epoch: 6, batch 21 Diffusion training loss: 0.45828938484191895
root - INFO - epoch: 6, batch 22 Diffusion training loss: 0.47553953528404236
root - INFO - epoch: 6, batch 23 Diffusion training loss: 0.4063509702682495
root - INFO - epoch: 6, batch 24 Diffusion training loss: 0.34457504749298096
root - INFO - epoch: 6, batch 25 Diffusion training loss: 0.5034704208374023
root - INFO - epoch: 6, batch 26 Diffusion training loss: 0.6423975229263306
root - INFO - epoch: 6, batch 27 Diffusion training loss: 0.5114699602127075
root - INFO - epoch: 6, batch 28 Diffusion training loss: 0.23918873071670532
root - INFO - epoch: 7, batch 1 Diffusion training loss: 0.4860934913158417
root - INFO - epoch: 7, batch 2 Diffusion training loss: 0.29903867840766907
root - INFO - epoch: 7, batch 3 Diffusion training loss: 0.5160001516342163
root - INFO - epoch: 7, batch 4 Diffusion training loss: 0.467938095331192
root - INFO - epoch: 7, batch 5 Diffusion training loss: 0.35948556661605835
root - INFO - epoch: 7, batch 6 Diffusion training loss: 0.36564749479293823
root - INFO - epoch: 7, batch 7 Diffusion training loss: 0.8061801791191101
root - INFO - epoch: 7, batch 8 Diffusion training loss: 0.3699362576007843
root - INFO - epoch: 7, batch 9 Diffusion training loss: 0.4907797873020172
root - INFO - epoch: 7, batch 10 Diffusion training loss: 0.6842528581619263
root - INFO - epoch: 7, batch 11 Diffusion training loss: 0.603253960609436
root - INFO - epoch: 7, batch 12 Diffusion training loss: 0.34542766213417053
root - INFO - epoch: 7, batch 13 Diffusion training loss: 0.3734595477581024
root - INFO - epoch: 7, batch 14 Diffusion training loss: 0.4084218144416809
root - INFO - epoch: 7, batch 15 Diffusion training loss: 0.30444324016571045
root - INFO - epoch: 7, batch 16 Diffusion training loss: 0.4823170304298401
root - INFO - epoch: 7, batch 17 Diffusion training loss: 0.3190052807331085
root - INFO - epoch: 7, batch 18 Diffusion training loss: 0.2754330635070801
root - INFO - epoch: 7, batch 19 Diffusion training loss: 0.4688040614128113
root - INFO - epoch: 7, batch 20 Diffusion training loss: 0.3533678650856018
root - INFO - epoch: 7, batch 21 Diffusion training loss: 0.49099501967430115
root - INFO - epoch: 7, batch 22 Diffusion training loss: 0.39260730147361755
root - INFO - epoch: 7, batch 23 Diffusion training loss: 0.5638717412948608
root - INFO - epoch: 7, batch 24 Diffusion training loss: 0.2591937184333801
root - INFO - epoch: 7, batch 25 Diffusion training loss: 0.4522651731967926
root - INFO - epoch: 7, batch 26 Diffusion training loss: 0.2870534062385559
root - INFO - epoch: 7, batch 27 Diffusion training loss: 0.28958404064178467
root - INFO - epoch: 7, batch 28 Diffusion training loss: 0.31743621826171875
root - INFO - epoch: 8, batch 1 Diffusion training loss: 0.4763695001602173
root - INFO - epoch: 8, batch 2 Diffusion training loss: 0.4358382523059845
root - INFO - epoch: 8, batch 3 Diffusion training loss: 0.2349262684583664
root - INFO - epoch: 8, batch 4 Diffusion training loss: 0.2875487804412842
root - INFO - epoch: 8, batch 5 Diffusion training loss: 0.32560262084007263
root - INFO - epoch: 8, batch 6 Diffusion training loss: 0.5116379261016846
root - INFO - epoch: 8, batch 7 Diffusion training loss: 0.25345614552497864
root - INFO - epoch: 8, batch 8 Diffusion training loss: 0.2719743549823761
root - INFO - epoch: 8, batch 9 Diffusion training loss: 0.5303609371185303
root - INFO - epoch: 8, batch 10 Diffusion training loss: 0.48357439041137695
root - INFO - epoch: 8, batch 11 Diffusion training loss: 0.3522167205810547
root - INFO - epoch: 8, batch 12 Diffusion training loss: 0.1916569024324417
root - INFO - epoch: 8, batch 13 Diffusion training loss: 0.2648521661758423
root - INFO - epoch: 8, batch 14 Diffusion training loss: 0.2890789210796356
root - INFO - epoch: 8, batch 15 Diffusion training loss: 0.4196455776691437
root - INFO - epoch: 8, batch 16 Diffusion training loss: 0.4100491404533386
root - INFO - epoch: 8, batch 17 Diffusion training loss: 0.22700704634189606
root - INFO - epoch: 8, batch 18 Diffusion training loss: 0.13958020508289337
root - INFO - epoch: 8, batch 19 Diffusion training loss: 0.5452567934989929
root - INFO - epoch: 8, batch 20 Diffusion training loss: 0.5853403210639954
root - INFO - epoch: 8, batch 21 Diffusion training loss: 0.40550222992897034
root - INFO - epoch: 8, batch 22 Diffusion training loss: 0.27237969636917114
root - INFO - epoch: 8, batch 23 Diffusion training loss: 0.45916929841041565
root - INFO - epoch: 8, batch 24 Diffusion training loss: 0.5684680342674255
root - INFO - epoch: 8, batch 25 Diffusion training loss: 0.40622085332870483
root - INFO - epoch: 8, batch 26 Diffusion training loss: 0.26774507761001587
root - INFO - epoch: 8, batch 27 Diffusion training loss: 0.3048475980758667
root - INFO - epoch: 8, batch 28 Diffusion training loss: 0.38999420404434204
root - INFO - epoch: 9, batch 1 Diffusion training loss: 0.4937111735343933
root - INFO - epoch: 9, batch 2 Diffusion training loss: 0.3300293982028961
root - INFO - epoch: 9, batch 3 Diffusion training loss: 0.4147578477859497
root - INFO - epoch: 9, batch 4 Diffusion training loss: 0.24376074969768524
root - INFO - epoch: 9, batch 5 Diffusion training loss: 0.6530677676200867
root - INFO - epoch: 9, batch 6 Diffusion training loss: 0.42099815607070923
root - INFO - epoch: 9, batch 7 Diffusion training loss: 0.566737174987793
root - INFO - epoch: 9, batch 8 Diffusion training loss: 0.5899832844734192
root - INFO - epoch: 9, batch 9 Diffusion training loss: 0.39519014954566956
root - INFO - epoch: 9, batch 10 Diffusion training loss: 0.4575125575065613
root - INFO - epoch: 9, batch 11 Diffusion training loss: 0.5792869925498962
root - INFO - epoch: 9, batch 12 Diffusion training loss: 0.45363593101501465
root - INFO - epoch: 9, batch 13 Diffusion training loss: 0.2537660002708435
root - INFO - epoch: 9, batch 14 Diffusion training loss: 0.46760010719299316
root - INFO - epoch: 9, batch 15 Diffusion training loss: 0.4922785758972168
root - INFO - epoch: 9, batch 16 Diffusion training loss: 0.5209718346595764
root - INFO - epoch: 9, batch 17 Diffusion training loss: 0.25185489654541016
root - INFO - epoch: 9, batch 18 Diffusion training loss: 0.3176271319389343
root - INFO - epoch: 9, batch 19 Diffusion training loss: 0.5191947221755981
root - INFO - epoch: 9, batch 20 Diffusion training loss: 0.28922396898269653
root - INFO - epoch: 9, batch 21 Diffusion training loss: 0.2865694463253021
root - INFO - epoch: 9, batch 22 Diffusion training loss: 0.33674293756484985
root - INFO - epoch: 9, batch 23 Diffusion training loss: 0.20056049525737762
root - INFO - epoch: 9, batch 24 Diffusion training loss: 0.39604347944259644
root - INFO - epoch: 9, batch 25 Diffusion training loss: 0.358742892742157
root - INFO - epoch: 9, batch 26 Diffusion training loss: 0.46068769693374634
root - INFO - epoch: 9, batch 27 Diffusion training loss: 0.2771316170692444
root - INFO - epoch: 9, batch 28 Diffusion training loss: 0.3821960389614105
root - INFO - epoch: 10, batch 1 Diffusion training loss: 0.23426569998264313
root - INFO - epoch: 10, batch 2 Diffusion training loss: 0.24741792678833008
root - INFO - epoch: 10, batch 3 Diffusion training loss: 0.21944788098335266
root - INFO - epoch: 10, batch 4 Diffusion training loss: 0.48175564408302307
root - INFO - epoch: 10, batch 5 Diffusion training loss: 0.27070775628089905
root - INFO - epoch: 10, batch 6 Diffusion training loss: 0.3508547246456146
root - INFO - epoch: 10, batch 7 Diffusion training loss: 0.315976083278656
root - INFO - epoch: 10, batch 8 Diffusion training loss: 0.42846935987472534
root - INFO - epoch: 10, batch 9 Diffusion training loss: 0.33162733912467957
root - INFO - epoch: 10, batch 10 Diffusion training loss: 0.33764582872390747
root - INFO - epoch: 10, batch 11 Diffusion training loss: 0.3262202739715576
root - INFO - epoch: 10, batch 12 Diffusion training loss: 0.32904377579689026
root - INFO - epoch: 10, batch 13 Diffusion training loss: 0.2255229353904724
root - INFO - epoch: 10, batch 14 Diffusion training loss: 0.30173951387405396
root - INFO - epoch: 10, batch 15 Diffusion training loss: 0.29074177145957947
root - INFO - epoch: 10, batch 16 Diffusion training loss: 0.21070636808872223
root - INFO - epoch: 10, batch 17 Diffusion training loss: 0.2747088372707367
root - INFO - epoch: 10, batch 18 Diffusion training loss: 0.298811674118042
root - INFO - epoch: 10, batch 19 Diffusion training loss: 0.25019222497940063
root - INFO - epoch: 10, batch 20 Diffusion training loss: 0.21853111684322357
root - INFO - epoch: 10, batch 21 Diffusion training loss: 0.178559347987175
root - INFO - epoch: 10, batch 22 Diffusion training loss: 0.30253422260284424
root - INFO - epoch: 10, batch 23 Diffusion training loss: 0.2742578089237213
root - INFO - epoch: 10, batch 24 Diffusion training loss: 0.2289191335439682
root - INFO - epoch: 10, batch 25 Diffusion training loss: 0.2004050612449646
root - INFO - epoch: 10, batch 26 Diffusion training loss: 0.34224733710289
root - INFO - epoch: 10, batch 27 Diffusion training loss: 0.1886315643787384
root - INFO - epoch: 10, batch 28 Diffusion training loss: 0.11989106237888336
root - INFO - epoch: 11, batch 1 Diffusion training loss: 0.3885365128517151
root - INFO - epoch: 11, batch 2 Diffusion training loss: 0.4158494174480438
root - INFO - epoch: 11, batch 3 Diffusion training loss: 0.20897585153579712
root - INFO - epoch: 11, batch 4 Diffusion training loss: 0.17716631293296814
root - INFO - epoch: 11, batch 5 Diffusion training loss: 0.376383513212204
root - INFO - epoch: 11, batch 6 Diffusion training loss: 0.26506537199020386
root - INFO - epoch: 11, batch 7 Diffusion training loss: 0.22319725155830383
root - INFO - epoch: 11, batch 8 Diffusion training loss: 0.22769823670387268
root - INFO - epoch: 11, batch 9 Diffusion training loss: 0.22533445060253143
root - INFO - epoch: 11, batch 10 Diffusion training loss: 0.3404896855354309
root - INFO - epoch: 11, batch 11 Diffusion training loss: 0.30004188418388367
root - INFO - epoch: 11, batch 12 Diffusion training loss: 0.27105066180229187
root - INFO - epoch: 11, batch 13 Diffusion training loss: 0.1949795037508011
root - INFO - epoch: 11, batch 14 Diffusion training loss: 0.2754400670528412
root - INFO - epoch: 11, batch 15 Diffusion training loss: 0.2029227614402771
root - INFO - epoch: 11, batch 16 Diffusion training loss: 0.1775704175233841
root - INFO - epoch: 11, batch 17 Diffusion training loss: 0.31608545780181885
root - INFO - epoch: 11, batch 18 Diffusion training loss: 0.19171619415283203
root - INFO - epoch: 11, batch 19 Diffusion training loss: 0.2280416190624237
root - INFO - epoch: 11, batch 20 Diffusion training loss: 0.15814097225666046
root - INFO - epoch: 11, batch 21 Diffusion training loss: 0.2602430284023285
root - INFO - epoch: 11, batch 22 Diffusion training loss: 0.4796662926673889
root - INFO - epoch: 11, batch 23 Diffusion training loss: 0.38614025712013245
root - INFO - epoch: 11, batch 24 Diffusion training loss: 0.3154635727405548
root - INFO - epoch: 11, batch 25 Diffusion training loss: 0.3338286876678467
root - INFO - epoch: 11, batch 26 Diffusion training loss: 0.42710500955581665
root - INFO - epoch: 11, batch 27 Diffusion training loss: 0.20401160418987274
root - INFO - epoch: 11, batch 28 Diffusion training loss: 0.3381894826889038
root - INFO - epoch: 12, batch 1 Diffusion training loss: 0.28332966566085815
root - INFO - epoch: 12, batch 2 Diffusion training loss: 0.3047303855419159
root - INFO - epoch: 12, batch 3 Diffusion training loss: 0.30000317096710205
root - INFO - epoch: 12, batch 4 Diffusion training loss: 0.4557357728481293
root - INFO - epoch: 12, batch 5 Diffusion training loss: 0.3695794641971588
root - INFO - epoch: 12, batch 6 Diffusion training loss: 0.2567519545555115
root - INFO - epoch: 12, batch 7 Diffusion training loss: 0.11171764135360718
root - INFO - epoch: 12, batch 8 Diffusion training loss: 0.3052923381328583
root - INFO - epoch: 12, batch 9 Diffusion training loss: 0.15224823355674744
root - INFO - epoch: 12, batch 10 Diffusion training loss: 0.10177881270647049
root - INFO - epoch: 12, batch 11 Diffusion training loss: 0.17567746341228485
root - INFO - epoch: 12, batch 12 Diffusion training loss: 0.23951175808906555
root - INFO - epoch: 12, batch 13 Diffusion training loss: 0.2437812238931656
root - INFO - epoch: 12, batch 14 Diffusion training loss: 0.24759609997272491
root - INFO - epoch: 12, batch 15 Diffusion training loss: 0.20837882161140442
root - INFO - epoch: 12, batch 16 Diffusion training loss: 0.2110867202281952
root - INFO - epoch: 12, batch 17 Diffusion training loss: 0.2254062294960022
root - INFO - epoch: 12, batch 18 Diffusion training loss: 0.37740689516067505
root - INFO - epoch: 12, batch 19 Diffusion training loss: 0.24249759316444397
root - INFO - epoch: 12, batch 20 Diffusion training loss: 0.21675972640514374
root - INFO - epoch: 12, batch 21 Diffusion training loss: 0.30712103843688965
root - INFO - epoch: 12, batch 22 Diffusion training loss: 0.2626115381717682
root - INFO - epoch: 12, batch 23 Diffusion training loss: 0.21237921714782715
root - INFO - epoch: 12, batch 24 Diffusion training loss: 0.29026344418525696
root - INFO - epoch: 12, batch 25 Diffusion training loss: 0.3592129647731781
root - INFO - epoch: 12, batch 26 Diffusion training loss: 0.1802777498960495
root - INFO - epoch: 12, batch 27 Diffusion training loss: 0.24491167068481445
root - INFO - epoch: 12, batch 28 Diffusion training loss: 0.3835458755493164
root - INFO - epoch: 13, batch 1 Diffusion training loss: 0.3453875780105591
root - INFO - epoch: 13, batch 2 Diffusion training loss: 0.1527482569217682
root - INFO - epoch: 13, batch 3 Diffusion training loss: 0.223397895693779
root - INFO - epoch: 13, batch 4 Diffusion training loss: 0.3157550096511841
root - INFO - epoch: 13, batch 5 Diffusion training loss: 0.1524442881345749
root - INFO - epoch: 13, batch 6 Diffusion training loss: 0.12509149312973022
root - INFO - epoch: 13, batch 7 Diffusion training loss: 0.12727928161621094
root - INFO - epoch: 13, batch 8 Diffusion training loss: 0.18430542945861816
root - INFO - epoch: 13, batch 9 Diffusion training loss: 0.32449349761009216
root - INFO - epoch: 13, batch 10 Diffusion training loss: 0.18053467571735382
root - INFO - epoch: 13, batch 11 Diffusion training loss: 0.36849191784858704
root - INFO - epoch: 13, batch 12 Diffusion training loss: 0.1880646049976349
root - INFO - epoch: 13, batch 13 Diffusion training loss: 0.23980726301670074
root - INFO - epoch: 13, batch 14 Diffusion training loss: 0.22065909206867218
root - INFO - epoch: 13, batch 15 Diffusion training loss: 0.17107586562633514
root - INFO - epoch: 13, batch 16 Diffusion training loss: 0.21815283596515656
root - INFO - epoch: 13, batch 17 Diffusion training loss: 0.19096213579177856
root - INFO - epoch: 13, batch 18 Diffusion training loss: 0.23047006130218506
root - INFO - epoch: 13, batch 19 Diffusion training loss: 0.17596670985221863
root - INFO - epoch: 13, batch 20 Diffusion training loss: 0.352095365524292
root - INFO - epoch: 13, batch 21 Diffusion training loss: 0.2017742246389389
root - INFO - epoch: 13, batch 22 Diffusion training loss: 0.2376611977815628
root - INFO - epoch: 13, batch 23 Diffusion training loss: 0.3258668780326843
root - INFO - epoch: 13, batch 24 Diffusion training loss: 0.23163379728794098
root - INFO - epoch: 13, batch 25 Diffusion training loss: 0.43460071086883545
root - INFO - epoch: 13, batch 26 Diffusion training loss: 0.09498419612646103
root - INFO - epoch: 13, batch 27 Diffusion training loss: 0.3672741949558258
root - INFO - epoch: 13, batch 28 Diffusion training loss: 0.38413548469543457
root - INFO - epoch: 14, batch 1 Diffusion training loss: 0.42296433448791504
root - INFO - epoch: 14, batch 2 Diffusion training loss: 0.2303936928510666
root - INFO - epoch: 14, batch 3 Diffusion training loss: 0.3980599343776703
root - INFO - epoch: 14, batch 4 Diffusion training loss: 0.3892323970794678
root - INFO - epoch: 14, batch 5 Diffusion training loss: 0.2573089301586151
root - INFO - epoch: 14, batch 6 Diffusion training loss: 0.30379655957221985
root - INFO - epoch: 14, batch 7 Diffusion training loss: 0.1775774508714676
root - INFO - epoch: 14, batch 8 Diffusion training loss: 0.2071198672056198
root - INFO - epoch: 14, batch 9 Diffusion training loss: 0.35098353028297424
root - INFO - epoch: 14, batch 10 Diffusion training loss: 0.18460127711296082
root - INFO - epoch: 14, batch 11 Diffusion training loss: 0.33863040804862976
root - INFO - epoch: 14, batch 12 Diffusion training loss: 0.38244685530662537
root - INFO - epoch: 14, batch 13 Diffusion training loss: 0.2133537232875824
root - INFO - epoch: 14, batch 14 Diffusion training loss: 0.3820766508579254
root - INFO - epoch: 14, batch 15 Diffusion training loss: 0.19655852019786835
root - INFO - epoch: 14, batch 16 Diffusion training loss: 0.3331044316291809
root - INFO - epoch: 14, batch 17 Diffusion training loss: 0.1694890856742859
root - INFO - epoch: 14, batch 18 Diffusion training loss: 0.20112504065036774
root - INFO - epoch: 14, batch 19 Diffusion training loss: 0.3263719379901886
root - INFO - epoch: 14, batch 20 Diffusion training loss: 0.3522179126739502
root - INFO - epoch: 14, batch 21 Diffusion training loss: 0.14167483150959015
root - INFO - epoch: 14, batch 22 Diffusion training loss: 0.3442539870738983
root - INFO - epoch: 14, batch 23 Diffusion training loss: 0.26749634742736816
root - INFO - epoch: 14, batch 24 Diffusion training loss: 0.2068488597869873
root - INFO - epoch: 14, batch 25 Diffusion training loss: 0.4053524136543274
root - INFO - epoch: 14, batch 26 Diffusion training loss: 0.20801551640033722
root - INFO - epoch: 14, batch 27 Diffusion training loss: 0.16489067673683167
root - INFO - epoch: 14, batch 28 Diffusion training loss: 0.39296460151672363
root - INFO - epoch: 15, batch 1 Diffusion training loss: 0.4854799509048462
root - INFO - epoch: 15, batch 2 Diffusion training loss: 0.2552753686904907
root - INFO - epoch: 15, batch 3 Diffusion training loss: 0.28026020526885986
root - INFO - epoch: 15, batch 4 Diffusion training loss: 0.24831433594226837
root - INFO - epoch: 15, batch 5 Diffusion training loss: 0.4570663869380951
root - INFO - epoch: 15, batch 6 Diffusion training loss: 0.7114811539649963
root - INFO - epoch: 15, batch 7 Diffusion training loss: 0.235504150390625
root - INFO - epoch: 15, batch 8 Diffusion training loss: 0.20894290506839752
root - INFO - epoch: 15, batch 9 Diffusion training loss: 0.3152416944503784
root - INFO - epoch: 15, batch 10 Diffusion training loss: 0.3986358344554901
root - INFO - epoch: 15, batch 11 Diffusion training loss: 0.45139577984809875
root - INFO - epoch: 15, batch 12 Diffusion training loss: 0.3343948423862457
root - INFO - epoch: 15, batch 13 Diffusion training loss: 0.14495526254177094
root - INFO - epoch: 15, batch 14 Diffusion training loss: 0.33756446838378906
root - INFO - epoch: 15, batch 15 Diffusion training loss: 0.42402082681655884
root - INFO - epoch: 15, batch 16 Diffusion training loss: 0.40059298276901245
root - INFO - epoch: 15, batch 17 Diffusion training loss: 0.20650672912597656
root - INFO - epoch: 15, batch 18 Diffusion training loss: 0.10255105048418045
root - INFO - epoch: 15, batch 19 Diffusion training loss: 0.30316072702407837
root - INFO - epoch: 15, batch 20 Diffusion training loss: 0.3292694091796875
root - INFO - epoch: 15, batch 21 Diffusion training loss: 0.2592903971672058
root - INFO - epoch: 15, batch 22 Diffusion training loss: 0.12660151720046997
root - INFO - epoch: 15, batch 23 Diffusion training loss: 0.16490988433361053
root - INFO - epoch: 15, batch 24 Diffusion training loss: 0.23365603387355804
root - INFO - epoch: 15, batch 25 Diffusion training loss: 0.2982708811759949
root - INFO - epoch: 15, batch 26 Diffusion training loss: 0.26841795444488525
root - INFO - epoch: 15, batch 27 Diffusion training loss: 0.15066535770893097
root - INFO - epoch: 15, batch 28 Diffusion training loss: 0.19943884015083313
root - INFO - epoch: 16, batch 1 Diffusion training loss: 0.220236137509346
root - INFO - epoch: 16, batch 2 Diffusion training loss: 0.2649853825569153
root - INFO - epoch: 16, batch 3 Diffusion training loss: 0.1847413182258606
root - INFO - epoch: 16, batch 4 Diffusion training loss: 0.1636141687631607
root - INFO - epoch: 16, batch 5 Diffusion training loss: 0.20703671872615814
root - INFO - epoch: 16, batch 6 Diffusion training loss: 0.32530975341796875
root - INFO - epoch: 16, batch 7 Diffusion training loss: 0.1482592672109604
root - INFO - epoch: 16, batch 8 Diffusion training loss: 0.17120638489723206
root - INFO - epoch: 16, batch 9 Diffusion training loss: 0.15713663399219513
root - INFO - epoch: 16, batch 10 Diffusion training loss: 0.10699249058961868
root - INFO - epoch: 16, batch 11 Diffusion training loss: 0.159291073679924
root - INFO - epoch: 16, batch 12 Diffusion training loss: 0.1345241814851761
root - INFO - epoch: 16, batch 13 Diffusion training loss: 0.16866400837898254
root - INFO - epoch: 16, batch 14 Diffusion training loss: 0.16604898869991302
root - INFO - epoch: 16, batch 15 Diffusion training loss: 0.4169727563858032
root - INFO - epoch: 16, batch 16 Diffusion training loss: 0.28190723061561584
root - INFO - epoch: 16, batch 17 Diffusion training loss: 0.4493958055973053
root - INFO - epoch: 16, batch 18 Diffusion training loss: 0.10760129988193512
root - INFO - epoch: 16, batch 19 Diffusion training loss: 0.18947482109069824
root - INFO - epoch: 16, batch 20 Diffusion training loss: 0.16067034006118774
root - INFO - epoch: 16, batch 21 Diffusion training loss: 0.1935654729604721
root - INFO - epoch: 16, batch 22 Diffusion training loss: 0.20096564292907715
root - INFO - epoch: 16, batch 23 Diffusion training loss: 0.15533863008022308
root - INFO - epoch: 16, batch 24 Diffusion training loss: 0.1732383519411087
root - INFO - epoch: 16, batch 25 Diffusion training loss: 0.31648051738739014
root - INFO - epoch: 16, batch 26 Diffusion training loss: 0.24606098234653473
root - INFO - epoch: 16, batch 27 Diffusion training loss: 0.1614801436662674
root - INFO - epoch: 16, batch 28 Diffusion training loss: 0.1433509737253189
root - INFO - epoch: 17, batch 1 Diffusion training loss: 0.2905350625514984
root - INFO - epoch: 17, batch 2 Diffusion training loss: 0.33529606461524963
root - INFO - epoch: 17, batch 3 Diffusion training loss: 0.24821723997592926
root - INFO - epoch: 17, batch 4 Diffusion training loss: 0.2114371359348297
root - INFO - epoch: 17, batch 5 Diffusion training loss: 0.2661365866661072
root - INFO - epoch: 17, batch 6 Diffusion training loss: 0.31404703855514526
root - INFO - epoch: 17, batch 7 Diffusion training loss: 0.19798681139945984
root - INFO - epoch: 17, batch 8 Diffusion training loss: 0.23102809488773346
root - INFO - epoch: 17, batch 9 Diffusion training loss: 0.21580180525779724
root - INFO - epoch: 17, batch 10 Diffusion training loss: 0.20141248404979706
root - INFO - epoch: 17, batch 11 Diffusion training loss: 0.21214886009693146
root - INFO - epoch: 17, batch 12 Diffusion training loss: 0.30583488941192627
root - INFO - epoch: 17, batch 13 Diffusion training loss: 0.21369239687919617
root - INFO - epoch: 17, batch 14 Diffusion training loss: 0.15249909460544586
root - INFO - epoch: 17, batch 15 Diffusion training loss: 0.2948783040046692
root - INFO - epoch: 17, batch 16 Diffusion training loss: 0.45318034291267395
root - INFO - epoch: 17, batch 17 Diffusion training loss: 0.21693244576454163
root - INFO - epoch: 17, batch 18 Diffusion training loss: 0.3609904944896698
root - INFO - epoch: 17, batch 19 Diffusion training loss: 0.3292118012905121
root - INFO - epoch: 17, batch 20 Diffusion training loss: 0.19093476235866547
root - INFO - epoch: 17, batch 21 Diffusion training loss: 0.16143952310085297
root - INFO - epoch: 17, batch 22 Diffusion training loss: 0.1852407157421112
root - INFO - epoch: 17, batch 23 Diffusion training loss: 0.2775800824165344
root - INFO - epoch: 17, batch 24 Diffusion training loss: 0.2740604281425476
root - INFO - epoch: 17, batch 25 Diffusion training loss: 0.23136022686958313
root - INFO - epoch: 17, batch 26 Diffusion training loss: 0.22318419814109802
root - INFO - epoch: 17, batch 27 Diffusion training loss: 0.2414609044790268
root - INFO - epoch: 17, batch 28 Diffusion training loss: 0.14606964588165283
root - INFO - epoch: 18, batch 1 Diffusion training loss: 0.11820804327726364
root - INFO - epoch: 18, batch 2 Diffusion training loss: 0.13518881797790527
root - INFO - epoch: 18, batch 3 Diffusion training loss: 0.2823677659034729
root - INFO - epoch: 18, batch 4 Diffusion training loss: 0.18054789304733276
root - INFO - epoch: 18, batch 5 Diffusion training loss: 0.22353987395763397
root - INFO - epoch: 18, batch 6 Diffusion training loss: 0.343166708946228
root - INFO - epoch: 18, batch 7 Diffusion training loss: 0.2897953987121582
root - INFO - epoch: 18, batch 8 Diffusion training loss: 0.3079202175140381
root - INFO - epoch: 18, batch 9 Diffusion training loss: 0.2566317915916443
root - INFO - epoch: 18, batch 10 Diffusion training loss: 0.12683206796646118
root - INFO - epoch: 18, batch 11 Diffusion training loss: 0.24688184261322021
root - INFO - epoch: 18, batch 12 Diffusion training loss: 0.32021889090538025
root - INFO - epoch: 18, batch 13 Diffusion training loss: 0.26485347747802734
root - INFO - epoch: 18, batch 14 Diffusion training loss: 0.3237116038799286
root - INFO - epoch: 18, batch 15 Diffusion training loss: 0.272347092628479
root - INFO - epoch: 18, batch 16 Diffusion training loss: 0.5340464115142822
root - INFO - epoch: 18, batch 17 Diffusion training loss: 0.2605879306793213
root - INFO - epoch: 18, batch 18 Diffusion training loss: 0.10630422085523605
root - INFO - epoch: 18, batch 19 Diffusion training loss: 0.18677259981632233
root - INFO - epoch: 18, batch 20 Diffusion training loss: 0.21515855193138123
root - INFO - epoch: 18, batch 21 Diffusion training loss: 0.3564518392086029
root - INFO - epoch: 18, batch 22 Diffusion training loss: 0.20622031390666962
root - INFO - epoch: 18, batch 23 Diffusion training loss: 0.10374055802822113
root - INFO - epoch: 18, batch 24 Diffusion training loss: 0.18488013744354248
root - INFO - epoch: 18, batch 25 Diffusion training loss: 0.2973819077014923
root - INFO - epoch: 18, batch 26 Diffusion training loss: 0.23833942413330078
root - INFO - epoch: 18, batch 27 Diffusion training loss: 0.16392283141613007
root - INFO - epoch: 18, batch 28 Diffusion training loss: 0.2754804790019989
root - INFO - epoch: 19, batch 1 Diffusion training loss: 0.3516673147678375
root - INFO - epoch: 19, batch 2 Diffusion training loss: 0.34267786145210266
root - INFO - epoch: 19, batch 3 Diffusion training loss: 0.25233137607574463
root - INFO - epoch: 19, batch 4 Diffusion training loss: 0.2503494620323181
root - INFO - epoch: 19, batch 5 Diffusion training loss: 0.2441961169242859
root - INFO - epoch: 19, batch 6 Diffusion training loss: 0.28344443440437317
root - INFO - epoch: 19, batch 7 Diffusion training loss: 0.2732428312301636
root - INFO - epoch: 19, batch 8 Diffusion training loss: 0.21001771092414856
root - INFO - epoch: 19, batch 9 Diffusion training loss: 0.17447073757648468
root - INFO - epoch: 19, batch 10 Diffusion training loss: 0.28002017736434937
root - INFO - epoch: 19, batch 11 Diffusion training loss: 0.3570981025695801
root - INFO - epoch: 19, batch 12 Diffusion training loss: 0.21921706199645996
root - INFO - epoch: 19, batch 13 Diffusion training loss: 0.12396521866321564
root - INFO - epoch: 19, batch 14 Diffusion training loss: 0.21714505553245544
root - INFO - epoch: 19, batch 15 Diffusion training loss: 0.2029815912246704
root - INFO - epoch: 19, batch 16 Diffusion training loss: 0.5046619176864624
root - INFO - epoch: 19, batch 17 Diffusion training loss: 0.5880155563354492
root - INFO - epoch: 19, batch 18 Diffusion training loss: 0.32996082305908203
root - INFO - epoch: 19, batch 19 Diffusion training loss: 0.2562217116355896
root - INFO - epoch: 19, batch 20 Diffusion training loss: 0.7718290686607361
root - INFO - epoch: 19, batch 21 Diffusion training loss: 0.6356330513954163
root - INFO - epoch: 19, batch 22 Diffusion training loss: 0.25965553522109985
root - INFO - epoch: 19, batch 23 Diffusion training loss: 0.2436964064836502
root - INFO - epoch: 19, batch 24 Diffusion training loss: 0.479175329208374
root - INFO - epoch: 19, batch 25 Diffusion training loss: 0.5350073575973511
root - INFO - epoch: 19, batch 26 Diffusion training loss: 0.4438828229904175
root - INFO - epoch: 19, batch 27 Diffusion training loss: 0.2629356384277344
root - INFO - epoch: 19, batch 28 Diffusion training loss: 0.16528907418251038
root - INFO - epoch: 20, batch 1 Diffusion training loss: 0.45200827717781067
root - INFO - epoch: 20, batch 2 Diffusion training loss: 0.32391002774238586
root - INFO - epoch: 20, batch 3 Diffusion training loss: 0.6049556732177734
root - INFO - epoch: 20, batch 4 Diffusion training loss: 0.12807594239711761
root - INFO - epoch: 20, batch 5 Diffusion training loss: 0.3624856472015381
root - INFO - epoch: 20, batch 6 Diffusion training loss: 0.37474310398101807
root - INFO - epoch: 20, batch 7 Diffusion training loss: 0.4556290805339813
root - INFO - epoch: 20, batch 8 Diffusion training loss: 0.25478315353393555
root - INFO - epoch: 20, batch 9 Diffusion training loss: 0.22389037907123566
root - INFO - epoch: 20, batch 10 Diffusion training loss: 0.19577234983444214
root - INFO - epoch: 20, batch 11 Diffusion training loss: 0.28565967082977295
root - INFO - epoch: 20, batch 12 Diffusion training loss: 0.2675589323043823
root - INFO - epoch: 20, batch 13 Diffusion training loss: 0.17975880205631256
root - INFO - epoch: 20, batch 14 Diffusion training loss: 0.21888850629329681
root - INFO - epoch: 20, batch 15 Diffusion training loss: 0.24551838636398315
root - INFO - epoch: 20, batch 16 Diffusion training loss: 0.2518070936203003
root - INFO - epoch: 20, batch 17 Diffusion training loss: 0.25905564427375793
root - INFO - epoch: 20, batch 18 Diffusion training loss: 0.22590260207653046
root - INFO - epoch: 20, batch 19 Diffusion training loss: 0.16030867397785187
root - INFO - epoch: 20, batch 20 Diffusion training loss: 0.13405579328536987
root - INFO - epoch: 20, batch 21 Diffusion training loss: 0.16660058498382568
root - INFO - epoch: 20, batch 22 Diffusion training loss: 0.35639485716819763
root - INFO - epoch: 20, batch 23 Diffusion training loss: 0.18967518210411072
root - INFO - epoch: 20, batch 24 Diffusion training loss: 0.2652961015701294
root - INFO - epoch: 20, batch 25 Diffusion training loss: 0.37286654114723206
root - INFO - epoch: 20, batch 26 Diffusion training loss: 0.19835630059242249
root - INFO - epoch: 20, batch 27 Diffusion training loss: 0.132237046957016
root - INFO - epoch: 20, batch 28 Diffusion training loss: 0.13987010717391968
root - INFO - 
Training of Diffusion took 93.5753 minutes.

root - INFO - Loading trained diffusion checkpoint from saved_diff.pth
root - INFO - Diffusion_checkpoint loaded
root - INFO - Actual: tensor([0, 0]), DCG_out: tensor([0, 0]), Diff_out: tensor([0, 0])
root - INFO - Actual: tensor([0, 2]), DCG_out: tensor([0, 1]), Diff_out: tensor([0, 3])
root - INFO - Actual: tensor([0, 2]), DCG_out: tensor([0, 2]), Diff_out: tensor([0, 2])
root - INFO - Actual: tensor([0, 2]), DCG_out: tensor([0, 2]), Diff_out: tensor([0, 2])
root - INFO - Actual: tensor([4, 0]), DCG_out: tensor([4, 0]), Diff_out: tensor([0, 0])
root - INFO - Actual: tensor([2, 2]), DCG_out: tensor([2, 0]), Diff_out: tensor([2, 0])
root - INFO - Actual: tensor([0, 4]), DCG_out: tensor([0, 2]), Diff_out: tensor([0, 2])
root - INFO - Actual: tensor([0, 0]), DCG_out: tensor([0, 0]), Diff_out: tensor([0, 0])
root - INFO - Actual: tensor([1, 0]), DCG_out: tensor([1, 0]), Diff_out: tensor([1, 0])
root - INFO - Actual: tensor([0, 1]), DCG_out: tensor([0, 4]), Diff_out: tensor([0, 4])
root - INFO - Actual: tensor([3, 0]), DCG_out: tensor([4, 0]), Diff_out: tensor([3, 0])
root - INFO - Actual: tensor([0, 1]), DCG_out: tensor([0, 1]), Diff_out: tensor([0, 1])
root - INFO - Actual: tensor([0, 2]), DCG_out: tensor([0, 2]), Diff_out: tensor([0, 2])
root - INFO - Actual: tensor([3, 0]), DCG_out: tensor([1, 0]), Diff_out: tensor([3, 0])
root - INFO - Actual: tensor([0, 2]), DCG_out: tensor([0, 2]), Diff_out: tensor([0, 2])
root - INFO - Actual: tensor([3, 0]), DCG_out: tensor([2, 0]), Diff_out: tensor([0, 0])
root - INFO - Actual: tensor([2, 1]), DCG_out: tensor([4, 2]), Diff_out: tensor([4, 2])
root - INFO - Actual: tensor([0, 2]), DCG_out: tensor([0, 2]), Diff_out: tensor([0, 2])
root - INFO - Actual: tensor([0, 0]), DCG_out: tensor([0, 0]), Diff_out: tensor([0, 0])
root - INFO - Actual: tensor([4, 2]), DCG_out: tensor([4, 1]), Diff_out: tensor([2, 0])
root - INFO - Actual: tensor([0, 2]), DCG_out: tensor([0, 2]), Diff_out: tensor([0, 2])
root - INFO - Actual: tensor([0, 4]), DCG_out: tensor([0, 2]), Diff_out: tensor([0, 0])
root - INFO - Actual: tensor([2, 2]), DCG_out: tensor([2, 2]), Diff_out: tensor([2, 2])
root - INFO - Actual: tensor([0, 0]), DCG_out: tensor([0, 0]), Diff_out: tensor([0, 0])
root - INFO - Actual: tensor([0, 2]), DCG_out: tensor([0, 1]), Diff_out: tensor([0, 1])
root - INFO - DCG accuracy 0.76
root - INFO - Diffusion model accuracy 0.76
root - INFO - Diffusion-DCG accuracy 0.84
root - INFO - F1 Score 0.5678987678987679
